<?xml version="1.0" encoding="UTF-8"?>
<testsuite xmlns:xsi="http://www.w3.org/2001/XMLSchema-instance" xsi:noNamespaceSchemaLocation="https://maven.apache.org/surefire/maven-surefire-plugin/xsd/surefire-test-report.xsd" name="it.pkg.AppTest" time="0.033" tests="1" errors="0" skipped="0" failures="0">
  <properties>
    <property name="awt.toolkit" value="sun.lwawt.macosx.LWCToolkit"/>
    <property name="java.specification.version" value="12"/>
    <property name="sun.jnu.encoding" value="UTF-8"/>
    <property name="java.class.path" value="/Users/kevintboyle/dev/wallstft/elemental/maven-archetype-activiti/target/test-classes/projects/it-basic/project/basic-project/target/test-classes:/Users/kevintboyle/dev/wallstft/elemental/maven-archetype-activiti/target/test-classes/projects/it-basic/project/basic-project/target/classes:/Users/kevintboyle/.m2/repository/org/junit/jupiter/junit-jupiter-engine/5.5.2/junit-jupiter-engine-5.5.2.jar:/Users/kevintboyle/.m2/repository/org/apiguardian/apiguardian-api/1.1.0/apiguardian-api-1.1.0.jar:/Users/kevintboyle/.m2/repository/org/junit/platform/junit-platform-engine/1.5.2/junit-platform-engine-1.5.2.jar:/Users/kevintboyle/.m2/repository/org/opentest4j/opentest4j/1.2.0/opentest4j-1.2.0.jar:/Users/kevintboyle/.m2/repository/org/junit/platform/junit-platform-commons/1.5.2/junit-platform-commons-1.5.2.jar:/Users/kevintboyle/.m2/repository/org/junit/jupiter/junit-jupiter-api/5.5.2/junit-jupiter-api-5.5.2.jar:/Users/kevintboyle/.m2/repository/org/springframework/boot/spring-boot-starter-web/2.1.7.RELEASE/spring-boot-starter-web-2.1.7.RELEASE.jar:/Users/kevintboyle/.m2/repository/org/springframework/boot/spring-boot-starter/2.1.7.RELEASE/spring-boot-starter-2.1.7.RELEASE.jar:/Users/kevintboyle/.m2/repository/org/springframework/boot/spring-boot/2.1.7.RELEASE/spring-boot-2.1.7.RELEASE.jar:/Users/kevintboyle/.m2/repository/org/springframework/boot/spring-boot-autoconfigure/2.1.7.RELEASE/spring-boot-autoconfigure-2.1.7.RELEASE.jar:/Users/kevintboyle/.m2/repository/org/springframework/boot/spring-boot-starter-logging/2.1.7.RELEASE/spring-boot-starter-logging-2.1.7.RELEASE.jar:/Users/kevintboyle/.m2/repository/ch/qos/logback/logback-classic/1.2.3/logback-classic-1.2.3.jar:/Users/kevintboyle/.m2/repository/ch/qos/logback/logback-core/1.2.3/logback-core-1.2.3.jar:/Users/kevintboyle/.m2/repository/org/apache/logging/log4j/log4j-to-slf4j/2.11.2/log4j-to-slf4j-2.11.2.jar:/Users/kevintboyle/.m2/repository/org/apache/logging/log4j/log4j-api/2.11.2/log4j-api-2.11.2.jar:/Users/kevintboyle/.m2/repository/org/slf4j/jul-to-slf4j/1.7.26/jul-to-slf4j-1.7.26.jar:/Users/kevintboyle/.m2/repository/javax/annotation/javax.annotation-api/1.3.2/javax.annotation-api-1.3.2.jar:/Users/kevintboyle/.m2/repository/org/yaml/snakeyaml/1.23/snakeyaml-1.23.jar:/Users/kevintboyle/.m2/repository/org/springframework/boot/spring-boot-starter-json/2.1.7.RELEASE/spring-boot-starter-json-2.1.7.RELEASE.jar:/Users/kevintboyle/.m2/repository/com/fasterxml/jackson/datatype/jackson-datatype-jdk8/2.9.9/jackson-datatype-jdk8-2.9.9.jar:/Users/kevintboyle/.m2/repository/com/fasterxml/jackson/datatype/jackson-datatype-jsr310/2.9.9/jackson-datatype-jsr310-2.9.9.jar:/Users/kevintboyle/.m2/repository/com/fasterxml/jackson/module/jackson-module-parameter-names/2.9.9/jackson-module-parameter-names-2.9.9.jar:/Users/kevintboyle/.m2/repository/org/springframework/boot/spring-boot-starter-tomcat/2.1.7.RELEASE/spring-boot-starter-tomcat-2.1.7.RELEASE.jar:/Users/kevintboyle/.m2/repository/org/apache/tomcat/embed/tomcat-embed-core/9.0.22/tomcat-embed-core-9.0.22.jar:/Users/kevintboyle/.m2/repository/org/apache/tomcat/embed/tomcat-embed-el/9.0.22/tomcat-embed-el-9.0.22.jar:/Users/kevintboyle/.m2/repository/org/apache/tomcat/embed/tomcat-embed-websocket/9.0.22/tomcat-embed-websocket-9.0.22.jar:/Users/kevintboyle/.m2/repository/org/hibernate/validator/hibernate-validator/6.0.17.Final/hibernate-validator-6.0.17.Final.jar:/Users/kevintboyle/.m2/repository/javax/validation/validation-api/2.0.1.Final/validation-api-2.0.1.Final.jar:/Users/kevintboyle/.m2/repository/org/jboss/logging/jboss-logging/3.3.2.Final/jboss-logging-3.3.2.Final.jar:/Users/kevintboyle/.m2/repository/com/fasterxml/classmate/1.3.4/classmate-1.3.4.jar:/Users/kevintboyle/.m2/repository/org/springframework/spring-web/5.1.9.RELEASE/spring-web-5.1.9.RELEASE.jar:/Users/kevintboyle/.m2/repository/org/springframework/spring-webmvc/5.1.9.RELEASE/spring-webmvc-5.1.9.RELEASE.jar:/Users/kevintboyle/.m2/repository/org/springframework/boot/spring-boot-starter-security/2.1.7.RELEASE/spring-boot-starter-security-2.1.7.RELEASE.jar:/Users/kevintboyle/.m2/repository/org/springframework/spring-aop/5.1.9.RELEASE/spring-aop-5.1.9.RELEASE.jar:/Users/kevintboyle/.m2/repository/org/springframework/security/spring-security-config/5.1.6.RELEASE/spring-security-config-5.1.6.RELEASE.jar:/Users/kevintboyle/.m2/repository/org/springframework/security/spring-security-web/5.1.6.RELEASE/spring-security-web-5.1.6.RELEASE.jar:/Users/kevintboyle/.m2/repository/com/wallstft/workflow/core/core/1.0-SNAPSHOT/core-1.0-SNAPSHOT.jar:/Users/kevintboyle/.m2/repository/org/everit/json/org.everit.json.schema/1.5.1/org.everit.json.schema-1.5.1.jar:/Users/kevintboyle/.m2/repository/org/json/json/20160810/json-20160810.jar:/Users/kevintboyle/.m2/repository/com/google/guava/guava/19.0/guava-19.0.jar:/Users/kevintboyle/.m2/repository/commons-validator/commons-validator/1.5.1/commons-validator-1.5.1.jar:/Users/kevintboyle/.m2/repository/commons-beanutils/commons-beanutils/1.9.2/commons-beanutils-1.9.2.jar:/Users/kevintboyle/.m2/repository/commons-digester/commons-digester/1.8.1/commons-digester-1.8.1.jar:/Users/kevintboyle/.m2/repository/commons-logging/commons-logging/1.2/commons-logging-1.2.jar:/Users/kevintboyle/.m2/repository/commons-collections/commons-collections/3.2.2/commons-collections-3.2.2.jar:/Users/kevintboyle/.m2/repository/commons-io/commons-io/2.6/commons-io-2.6.jar:/Users/kevintboyle/.m2/repository/org/springframework/security/spring-security-core/5.1.6.RELEASE/spring-security-core-5.1.6.RELEASE.jar:/Users/kevintboyle/.m2/repository/org/springframework/spring-beans/5.1.9.RELEASE/spring-beans-5.1.9.RELEASE.jar:/Users/kevintboyle/.m2/repository/org/springframework/spring-context/5.1.9.RELEASE/spring-context-5.1.9.RELEASE.jar:/Users/kevintboyle/.m2/repository/org/springframework/spring-core/5.1.9.RELEASE/spring-core-5.1.9.RELEASE.jar:/Users/kevintboyle/.m2/repository/org/springframework/spring-jcl/5.1.9.RELEASE/spring-jcl-5.1.9.RELEASE.jar:/Users/kevintboyle/.m2/repository/org/springframework/spring-expression/5.1.9.RELEASE/spring-expression-5.1.9.RELEASE.jar:/Users/kevintboyle/.m2/repository/org/activiti/activiti-engine/7.1.0.M5/activiti-engine-7.1.0.M5.jar:/Users/kevintboyle/.m2/repository/org/activiti/api/activiti-api-runtime-shared/7.1.0.M5/activiti-api-runtime-shared-7.1.0.M5.jar:/Users/kevintboyle/.m2/repository/org/activiti/api/activiti-api-model-shared/7.1.0.M5/activiti-api-model-shared-7.1.0.M5.jar:/Users/kevintboyle/.m2/repository/org/activiti/core/common/activiti-project-model/7.1.0.M5/activiti-project-model-7.1.0.M5.jar:/Users/kevintboyle/.m2/repository/org/activiti/activiti-bpmn-converter/7.1.0.M5/activiti-bpmn-converter-7.1.0.M5.jar:/Users/kevintboyle/.m2/repository/org/activiti/activiti-bpmn-model/7.1.0.M5/activiti-bpmn-model-7.1.0.M5.jar:/Users/kevintboyle/.m2/repository/org/activiti/activiti-process-validation/7.1.0.M5/activiti-process-validation-7.1.0.M5.jar:/Users/kevintboyle/.m2/repository/org/apache/commons/commons-email/1.5/commons-email-1.5.jar:/Users/kevintboyle/.m2/repository/com/sun/mail/javax.mail/1.5.6/javax.mail-1.5.6.jar:/Users/kevintboyle/.m2/repository/javax/activation/activation/1.1/activation-1.1.jar:/Users/kevintboyle/.m2/repository/org/mybatis/mybatis/3.5.0/mybatis-3.5.0.jar:/Users/kevintboyle/.m2/repository/de/odysseus/juel/juel-api/2.2.7/juel-api-2.2.7.jar:/Users/kevintboyle/.m2/repository/de/odysseus/juel/juel-impl/2.2.7/juel-impl-2.2.7.jar:/Users/kevintboyle/.m2/repository/de/odysseus/juel/juel-spi/2.2.7/juel-spi-2.2.7.jar:/Users/kevintboyle/.m2/repository/com/fasterxml/jackson/core/jackson-annotations/2.9.10/jackson-annotations-2.9.10.jar:/Users/kevintboyle/.m2/repository/com/fasterxml/jackson/core/jackson-databind/2.9.10.1/jackson-databind-2.9.10.1.jar:/Users/kevintboyle/.m2/repository/joda-time/joda-time/2.10.5/joda-time-2.10.5.jar:/Users/kevintboyle/.m2/repository/org/slf4j/slf4j-api/1.7.29/slf4j-api-1.7.29.jar:/Users/kevintboyle/.m2/repository/org/slf4j/jcl-over-slf4j/1.7.29/jcl-over-slf4j-1.7.29.jar:/Users/kevintboyle/.m2/repository/com/h2database/h2/1.4.200/h2-1.4.200.jar:/Users/kevintboyle/.m2/repository/org/apache/commons/commons-lang3/3.9/commons-lang3-3.9.jar:/Users/kevintboyle/.m2/repository/com/fasterxml/jackson/core/jackson-core/2.10.1/jackson-core-2.10.1.jar:"/>
    <property name="java.vm.vendor" value="Oracle Corporation"/>
    <property name="sun.arch.data.model" value="64"/>
    <property name="java.vendor.url" value="https://java.oracle.com/"/>
    <property name="os.name" value="Mac OS X"/>
    <property name="java.vm.specification.version" value="12"/>
    <property name="sun.java.launcher" value="SUN_STANDARD"/>
    <property name="user.country" value="US"/>
    <property name="sun.boot.library.path" value="/Users/kevintboyle/java/jdk-12.0.2.jdk/Contents/Home/lib"/>
    <property name="sun.java.command" value="/Users/kevintboyle/dev/wallstft/elemental/maven-archetype-activiti/target/test-classes/projects/it-basic/project/basic-project/target/surefire/surefirebooter14388864261054353578.jar /Users/kevintboyle/dev/wallstft/elemental/maven-archetype-activiti/target/test-classes/projects/it-basic/project/basic-project/target/surefire 2020-02-01T10-08-09_852-jvmRun1 surefire894648419347717748tmp surefire_014438926227979219427tmp"/>
    <property name="http.nonProxyHosts" value="local|*.local|169.254/16|*.169.254/16"/>
    <property name="jdk.debug" value="release"/>
    <property name="surefire.test.class.path" value="/Users/kevintboyle/dev/wallstft/elemental/maven-archetype-activiti/target/test-classes/projects/it-basic/project/basic-project/target/test-classes:/Users/kevintboyle/dev/wallstft/elemental/maven-archetype-activiti/target/test-classes/projects/it-basic/project/basic-project/target/classes:/Users/kevintboyle/.m2/repository/org/junit/jupiter/junit-jupiter-engine/5.5.2/junit-jupiter-engine-5.5.2.jar:/Users/kevintboyle/.m2/repository/org/apiguardian/apiguardian-api/1.1.0/apiguardian-api-1.1.0.jar:/Users/kevintboyle/.m2/repository/org/junit/platform/junit-platform-engine/1.5.2/junit-platform-engine-1.5.2.jar:/Users/kevintboyle/.m2/repository/org/opentest4j/opentest4j/1.2.0/opentest4j-1.2.0.jar:/Users/kevintboyle/.m2/repository/org/junit/platform/junit-platform-commons/1.5.2/junit-platform-commons-1.5.2.jar:/Users/kevintboyle/.m2/repository/org/junit/jupiter/junit-jupiter-api/5.5.2/junit-jupiter-api-5.5.2.jar:/Users/kevintboyle/.m2/repository/org/springframework/boot/spring-boot-starter-web/2.1.7.RELEASE/spring-boot-starter-web-2.1.7.RELEASE.jar:/Users/kevintboyle/.m2/repository/org/springframework/boot/spring-boot-starter/2.1.7.RELEASE/spring-boot-starter-2.1.7.RELEASE.jar:/Users/kevintboyle/.m2/repository/org/springframework/boot/spring-boot/2.1.7.RELEASE/spring-boot-2.1.7.RELEASE.jar:/Users/kevintboyle/.m2/repository/org/springframework/boot/spring-boot-autoconfigure/2.1.7.RELEASE/spring-boot-autoconfigure-2.1.7.RELEASE.jar:/Users/kevintboyle/.m2/repository/org/springframework/boot/spring-boot-starter-logging/2.1.7.RELEASE/spring-boot-starter-logging-2.1.7.RELEASE.jar:/Users/kevintboyle/.m2/repository/ch/qos/logback/logback-classic/1.2.3/logback-classic-1.2.3.jar:/Users/kevintboyle/.m2/repository/ch/qos/logback/logback-core/1.2.3/logback-core-1.2.3.jar:/Users/kevintboyle/.m2/repository/org/apache/logging/log4j/log4j-to-slf4j/2.11.2/log4j-to-slf4j-2.11.2.jar:/Users/kevintboyle/.m2/repository/org/apache/logging/log4j/log4j-api/2.11.2/log4j-api-2.11.2.jar:/Users/kevintboyle/.m2/repository/org/slf4j/jul-to-slf4j/1.7.26/jul-to-slf4j-1.7.26.jar:/Users/kevintboyle/.m2/repository/javax/annotation/javax.annotation-api/1.3.2/javax.annotation-api-1.3.2.jar:/Users/kevintboyle/.m2/repository/org/yaml/snakeyaml/1.23/snakeyaml-1.23.jar:/Users/kevintboyle/.m2/repository/org/springframework/boot/spring-boot-starter-json/2.1.7.RELEASE/spring-boot-starter-json-2.1.7.RELEASE.jar:/Users/kevintboyle/.m2/repository/com/fasterxml/jackson/datatype/jackson-datatype-jdk8/2.9.9/jackson-datatype-jdk8-2.9.9.jar:/Users/kevintboyle/.m2/repository/com/fasterxml/jackson/datatype/jackson-datatype-jsr310/2.9.9/jackson-datatype-jsr310-2.9.9.jar:/Users/kevintboyle/.m2/repository/com/fasterxml/jackson/module/jackson-module-parameter-names/2.9.9/jackson-module-parameter-names-2.9.9.jar:/Users/kevintboyle/.m2/repository/org/springframework/boot/spring-boot-starter-tomcat/2.1.7.RELEASE/spring-boot-starter-tomcat-2.1.7.RELEASE.jar:/Users/kevintboyle/.m2/repository/org/apache/tomcat/embed/tomcat-embed-core/9.0.22/tomcat-embed-core-9.0.22.jar:/Users/kevintboyle/.m2/repository/org/apache/tomcat/embed/tomcat-embed-el/9.0.22/tomcat-embed-el-9.0.22.jar:/Users/kevintboyle/.m2/repository/org/apache/tomcat/embed/tomcat-embed-websocket/9.0.22/tomcat-embed-websocket-9.0.22.jar:/Users/kevintboyle/.m2/repository/org/hibernate/validator/hibernate-validator/6.0.17.Final/hibernate-validator-6.0.17.Final.jar:/Users/kevintboyle/.m2/repository/javax/validation/validation-api/2.0.1.Final/validation-api-2.0.1.Final.jar:/Users/kevintboyle/.m2/repository/org/jboss/logging/jboss-logging/3.3.2.Final/jboss-logging-3.3.2.Final.jar:/Users/kevintboyle/.m2/repository/com/fasterxml/classmate/1.3.4/classmate-1.3.4.jar:/Users/kevintboyle/.m2/repository/org/springframework/spring-web/5.1.9.RELEASE/spring-web-5.1.9.RELEASE.jar:/Users/kevintboyle/.m2/repository/org/springframework/spring-webmvc/5.1.9.RELEASE/spring-webmvc-5.1.9.RELEASE.jar:/Users/kevintboyle/.m2/repository/org/springframework/boot/spring-boot-starter-security/2.1.7.RELEASE/spring-boot-starter-security-2.1.7.RELEASE.jar:/Users/kevintboyle/.m2/repository/org/springframework/spring-aop/5.1.9.RELEASE/spring-aop-5.1.9.RELEASE.jar:/Users/kevintboyle/.m2/repository/org/springframework/security/spring-security-config/5.1.6.RELEASE/spring-security-config-5.1.6.RELEASE.jar:/Users/kevintboyle/.m2/repository/org/springframework/security/spring-security-web/5.1.6.RELEASE/spring-security-web-5.1.6.RELEASE.jar:/Users/kevintboyle/.m2/repository/com/wallstft/workflow/core/core/1.0-SNAPSHOT/core-1.0-SNAPSHOT.jar:/Users/kevintboyle/.m2/repository/org/everit/json/org.everit.json.schema/1.5.1/org.everit.json.schema-1.5.1.jar:/Users/kevintboyle/.m2/repository/org/json/json/20160810/json-20160810.jar:/Users/kevintboyle/.m2/repository/com/google/guava/guava/19.0/guava-19.0.jar:/Users/kevintboyle/.m2/repository/commons-validator/commons-validator/1.5.1/commons-validator-1.5.1.jar:/Users/kevintboyle/.m2/repository/commons-beanutils/commons-beanutils/1.9.2/commons-beanutils-1.9.2.jar:/Users/kevintboyle/.m2/repository/commons-digester/commons-digester/1.8.1/commons-digester-1.8.1.jar:/Users/kevintboyle/.m2/repository/commons-logging/commons-logging/1.2/commons-logging-1.2.jar:/Users/kevintboyle/.m2/repository/commons-collections/commons-collections/3.2.2/commons-collections-3.2.2.jar:/Users/kevintboyle/.m2/repository/commons-io/commons-io/2.6/commons-io-2.6.jar:/Users/kevintboyle/.m2/repository/org/springframework/security/spring-security-core/5.1.6.RELEASE/spring-security-core-5.1.6.RELEASE.jar:/Users/kevintboyle/.m2/repository/org/springframework/spring-beans/5.1.9.RELEASE/spring-beans-5.1.9.RELEASE.jar:/Users/kevintboyle/.m2/repository/org/springframework/spring-context/5.1.9.RELEASE/spring-context-5.1.9.RELEASE.jar:/Users/kevintboyle/.m2/repository/org/springframework/spring-core/5.1.9.RELEASE/spring-core-5.1.9.RELEASE.jar:/Users/kevintboyle/.m2/repository/org/springframework/spring-jcl/5.1.9.RELEASE/spring-jcl-5.1.9.RELEASE.jar:/Users/kevintboyle/.m2/repository/org/springframework/spring-expression/5.1.9.RELEASE/spring-expression-5.1.9.RELEASE.jar:/Users/kevintboyle/.m2/repository/org/activiti/activiti-engine/7.1.0.M5/activiti-engine-7.1.0.M5.jar:/Users/kevintboyle/.m2/repository/org/activiti/api/activiti-api-runtime-shared/7.1.0.M5/activiti-api-runtime-shared-7.1.0.M5.jar:/Users/kevintboyle/.m2/repository/org/activiti/api/activiti-api-model-shared/7.1.0.M5/activiti-api-model-shared-7.1.0.M5.jar:/Users/kevintboyle/.m2/repository/org/activiti/core/common/activiti-project-model/7.1.0.M5/activiti-project-model-7.1.0.M5.jar:/Users/kevintboyle/.m2/repository/org/activiti/activiti-bpmn-converter/7.1.0.M5/activiti-bpmn-converter-7.1.0.M5.jar:/Users/kevintboyle/.m2/repository/org/activiti/activiti-bpmn-model/7.1.0.M5/activiti-bpmn-model-7.1.0.M5.jar:/Users/kevintboyle/.m2/repository/org/activiti/activiti-process-validation/7.1.0.M5/activiti-process-validation-7.1.0.M5.jar:/Users/kevintboyle/.m2/repository/org/apache/commons/commons-email/1.5/commons-email-1.5.jar:/Users/kevintboyle/.m2/repository/com/sun/mail/javax.mail/1.5.6/javax.mail-1.5.6.jar:/Users/kevintboyle/.m2/repository/javax/activation/activation/1.1/activation-1.1.jar:/Users/kevintboyle/.m2/repository/org/mybatis/mybatis/3.5.0/mybatis-3.5.0.jar:/Users/kevintboyle/.m2/repository/de/odysseus/juel/juel-api/2.2.7/juel-api-2.2.7.jar:/Users/kevintboyle/.m2/repository/de/odysseus/juel/juel-impl/2.2.7/juel-impl-2.2.7.jar:/Users/kevintboyle/.m2/repository/de/odysseus/juel/juel-spi/2.2.7/juel-spi-2.2.7.jar:/Users/kevintboyle/.m2/repository/com/fasterxml/jackson/core/jackson-annotations/2.9.10/jackson-annotations-2.9.10.jar:/Users/kevintboyle/.m2/repository/com/fasterxml/jackson/core/jackson-databind/2.9.10.1/jackson-databind-2.9.10.1.jar:/Users/kevintboyle/.m2/repository/joda-time/joda-time/2.10.5/joda-time-2.10.5.jar:/Users/kevintboyle/.m2/repository/org/slf4j/slf4j-api/1.7.29/slf4j-api-1.7.29.jar:/Users/kevintboyle/.m2/repository/org/slf4j/jcl-over-slf4j/1.7.29/jcl-over-slf4j-1.7.29.jar:/Users/kevintboyle/.m2/repository/com/h2database/h2/1.4.200/h2-1.4.200.jar:/Users/kevintboyle/.m2/repository/org/apache/commons/commons-lang3/3.9/commons-lang3-3.9.jar:/Users/kevintboyle/.m2/repository/com/fasterxml/jackson/core/jackson-core/2.10.1/jackson-core-2.10.1.jar:"/>
    <property name="sun.cpu.endian" value="little"/>
    <property name="user.home" value="/Users/kevintboyle"/>
    <property name="user.language" value="en"/>
    <property name="java.specification.vendor" value="Oracle Corporation"/>
    <property name="java.version.date" value="2019-07-16"/>
    <property name="java.home" value="/Users/kevintboyle/java/jdk-12.0.2.jdk/Contents/Home"/>
    <property name="file.separator" value="/"/>
    <property name="basedir" value="/Users/kevintboyle/dev/wallstft/elemental/maven-archetype-activiti/target/test-classes/projects/it-basic/project/basic-project"/>
    <property name="java.vm.compressedOopsMode" value="Zero based"/>
    <property name="line.separator" value="&#10;"/>
    <property name="java.specification.name" value="Java Platform API Specification"/>
    <property name="java.vm.specification.vendor" value="Oracle Corporation"/>
    <property name="java.awt.graphicsenv" value="sun.awt.CGraphicsEnvironment"/>
    <property name="surefire.real.class.path" value="/Users/kevintboyle/dev/wallstft/elemental/maven-archetype-activiti/target/test-classes/projects/it-basic/project/basic-project/target/surefire/surefirebooter14388864261054353578.jar"/>
    <property name="sun.management.compiler" value="HotSpot 64-Bit Tiered Compilers"/>
    <property name="ftp.nonProxyHosts" value="local|*.local|169.254/16|*.169.254/16"/>
    <property name="java.runtime.version" value="12.0.2+10"/>
    <property name="user.name" value="kevintboyle"/>
    <property name="path.separator" value=":"/>
    <property name="os.version" value="10.13.6"/>
    <property name="java.runtime.name" value="Java(TM) SE Runtime Environment"/>
    <property name="file.encoding" value="UTF-8"/>
    <property name="java.vm.name" value="Java HotSpot(TM) 64-Bit Server VM"/>
    <property name="localRepository" value="/Users/kevintboyle/.m2/repository"/>
    <property name="java.vendor.url.bug" value="https://bugreport.java.com/bugreport/"/>
    <property name="java.io.tmpdir" value="/var/folders/xc/2h5yrhcx0jjbf3rhrw6067w00000gn/T/"/>
    <property name="java.version" value="12.0.2"/>
    <property name="user.dir" value="/Users/kevintboyle/dev/wallstft/elemental/maven-archetype-activiti/target/test-classes/projects/it-basic/project/basic-project"/>
    <property name="os.arch" value="x86_64"/>
    <property name="java.vm.specification.name" value="Java Virtual Machine Specification"/>
    <property name="java.library.path" value="/Users/kevintboyle/Library/Java/Extensions:/Library/Java/Extensions:/Network/Library/Java/Extensions:/System/Library/Java/Extensions:/usr/lib/java:."/>
    <property name="java.vm.info" value="mixed mode, sharing"/>
    <property name="java.vendor" value="Oracle Corporation"/>
    <property name="java.vm.version" value="12.0.2+10"/>
    <property name="sun.io.unicode.encoding" value="UnicodeBig"/>
    <property name="maven.repo.local" value="/Users/kevintboyle/.m2/repository"/>
    <property name="socksNonProxyHosts" value="local|*.local|169.254/16|*.169.254/16"/>
    <property name="java.class.version" value="56.0"/>
  </properties>
  <testcase name="shouldAnswerWithTrue" classname="it.pkg.AppTest" time="0.027"/>
</testsuite>